C51 COMPILER V9.59.0.0   MAIN                                                              11/30/2018 14:52:57 PAGE 1   


C51 COMPILER V9.59.0.0, COMPILATION OF MODULE MAIN
OBJECT MODULE PLACED IN .\Objects\main.obj
COMPILER INVOKED BY: D:\Keil_v5\C51\BIN\C51.EXE main.c OPTIMIZE(8,SPEED) BROWSE DEBUG OBJECTEXTEND PRINT(.\Listings\main
                    -.lst) TABS(2) OBJECT(.\Objects\main.obj)

line level    source

   1          /**
   2           * @author Krzysztof Stezala
   3           * @date 2018-11-30
   4           * @version 1.0
   5           * @brief Timer 0 task
   6           */
   7           
   8           #include "aduc831.h"
   9           #include "timers.h"
*** WARNING C318 IN LINE 9 OF main.c: can't open file 'timers.h'
  10           
  11           /**
  12           * Main function
  13           */
  14           void main(void)
  15          {
  16   1         while(1)
  17   1         {
  18   2           
  19   2         }
  20   1      }
  21           


MODULE INFORMATION:   STATIC OVERLAYABLE
   CODE SIZE        =      2    ----
   CONSTANT SIZE    =   ----    ----
   XDATA SIZE       =   ----    ----
   PDATA SIZE       =   ----    ----
   DATA SIZE        =   ----    ----
   IDATA SIZE       =   ----    ----
   BIT SIZE         =   ----    ----
END OF MODULE INFORMATION.


C51 COMPILATION COMPLETE.  1 WARNING(S),  0 ERROR(S)
