C51 COMPILER V9.59.0.0   MAIN                                                              12/02/2018 22:05:13 PAGE 1   


C51 COMPILER V9.59.0.0, COMPILATION OF MODULE MAIN
OBJECT MODULE PLACED IN .\Objects\main.obj
COMPILER INVOKED BY: D:\Keil_v5\C51\BIN\C51.EXE main.c OPTIMIZE(8,SPEED) BROWSE DEBUG OBJECTEXTEND PRINT(.\Listings\main
                    -.lst) TABS(2) OBJECT(.\Objects\main.obj)

line level    source

   1          #include "aduc831.h"
   2          #include "timers.h"
   3          
   4          void UART_function() interrupt 4
   5          {
   6   1        char received = 0;
   7   1        if(RI == 1){
   8   2          received = (char)SBUF;
   9   2          RI = 0;
  10   2          SBUF = received + 1;
  11   2        }
  12   1        if(TI==1){
  13   2          TI = 0;
  14   2        }
  15   1        return;
  16   1      }
  17          
  18          void main()
  19          {
  20   1        //interrupts enable
  21   1        ES = 1;
  22   1        EA = 1;
  23   1        
  24   1        //UART configuration
  25   1        SM0 = 1;
  26   1        SM1 = 1;
  27   1        SM2 = 0;
  28   1        REN = 1;
  29   1        
  30   1        
  31   1        //Timer 2 setup
  32   1        RCLK = 1;
  33   1        TCLK = 1;
  34   1        
  35   1        RCAP2H = T2_2400_11_H;
  36   1        RCAP2L = T2_2400_11_L;
  37   1        
  38   1        TR2 = 1;
  39   1        
  40   1        while(1)
  41   1        {
  42   2        }
  43   1      }


MODULE INFORMATION:   STATIC OVERLAYABLE
   CODE SIZE        =     58    ----
   CONSTANT SIZE    =   ----    ----
   XDATA SIZE       =   ----    ----
   PDATA SIZE       =   ----    ----
   DATA SIZE        =   ----    ----
   IDATA SIZE       =   ----    ----
   BIT SIZE         =   ----    ----
END OF MODULE INFORMATION.

C51 COMPILER V9.59.0.0   MAIN                                                              12/02/2018 22:05:13 PAGE 2   


C51 COMPILATION COMPLETE.  0 WARNING(S),  0 ERROR(S)
