C51 COMPILER V9.59.0.0   MAIN                                                              12/09/2018 20:09:37 PAGE 1   


C51 COMPILER V9.59.0.0, COMPILATION OF MODULE MAIN
OBJECT MODULE PLACED IN .\Objects\main.obj
COMPILER INVOKED BY: D:\Keil_v5\C51\BIN\C51.EXE main.c OPTIMIZE(8,SPEED) BROWSE DEBUG OBJECTEXTEND PRINT(.\Listings\main
                    -.lst) TABS(2) OBJECT(.\Objects\main.obj)

line level    source

   1          /**
   2           * @author Krzysztof Stezala
   3           * @date 2018-12-09
   4           * @version 1.0
   5           * @brief DAC operation analysis
   6           */
   7           
   8           #include "aduc831.h"
   9           #include "timers.h"
  10           #include "bitop.h"
  11           #include "definitions.h"
  12            
  13           /*
  14            * Global variables
  15            */
  16          sample_t sample0={0};               //first sample voltage (assigned to DAC0)
  17          sample_t sample1={0};               //second sample voltage (assigned to DAC1)
  18          float sample_voltage=DA_Vref;
  19          
  20          float given_scaler;
  21          
  22          void main(void)
  23          {
  24   1        // setting DACCON register for both DAC0 and DAC1
  25   1        DACCON = (DAC_MODE_12|DAC_RNG1_ON|DAC_RNG0_ON|DAC_CLR1_ON|DAC_CLR0_ON|DAC_SYNC_ON|DAC_POWER1_ON|DAC_POWER
             -0_ON);
  26   1        //given_scaler sets the DAC0 to half of the reference voltage
  27   1        given_scaler = 0.5;
  28   1        sample0.value=(unsigned int)(sample_voltage/DA_Vref*given_scaler*(float)DA_MAX_VALUE);
  29   1        //given_scaler sets the DAC0 to 3/4 of the reference voltage
  30   1        given_scaler = 0.75;
  31   1        sample1.value=(unsigned int)(sample_voltage/DA_Vref*given_scaler*(float)DA_MAX_VALUE);
  32   1        
  33   1        DAC0H=sample0.word.high_byte;
  34   1        DAC0L=sample0.word.low_byte;
  35   1        
  36   1        DAC1H=sample1.word.high_byte;
  37   1        DAC1L=sample1.word.low_byte;
  38   1        
  39   1        while(1)
  40   1        {
  41   2        }
  42   1      }


MODULE INFORMATION:   STATIC OVERLAYABLE
   CODE SIZE        =    130    ----
   CONSTANT SIZE    =   ----    ----
   XDATA SIZE       =   ----    ----
   PDATA SIZE       =   ----    ----
   DATA SIZE        =     12    ----
   IDATA SIZE       =   ----    ----
   BIT SIZE         =   ----    ----
END OF MODULE INFORMATION.

C51 COMPILER V9.59.0.0   MAIN                                                              12/09/2018 20:09:37 PAGE 2   


C51 COMPILATION COMPLETE.  0 WARNING(S),  0 ERROR(S)
