C51 COMPILER V9.59.0.0   MAIN                                                              12/03/2018 07:52:13 PAGE 1   


C51 COMPILER V9.59.0.0, COMPILATION OF MODULE MAIN
OBJECT MODULE PLACED IN .\Objects\main.obj
COMPILER INVOKED BY: D:\Keil_v5\C51\BIN\C51.EXE main.c OPTIMIZE(8,SPEED) BROWSE DEBUG OBJECTEXTEND PRINT(.\Listings\main
                    -.lst) TABS(2) OBJECT(.\Objects\main.obj)

line level    source

   1          /**
   2           * @author Krzysztof Stezala
   3           * @date 2018-12-03
   4           * @version 1.0
   5           * @brief UART Timer 3
   6           */
   7           
   8           #include "aduc831.h"
   9           #include "timers.h"
  10           
  11           
  12          /*
  13           * Example for 11.0592 MHz and 115200 bits/second
  14           */
  15           
  16          void UART_function() interrupt 4
  17          {
  18   1        char received = 0;
  19   1        if(RI == 1){
  20   2          received = (char)SBUF;
  21   2          RI = 0;
  22   2          SBUF = received + 1;
  23   2        }
  24   1        if(TI==1){
  25   2          TI = 0;
  26   2        }
  27   1        return;
  28   1      }
  29           
  30          void main(void)
  31          {
  32   1          EA = 1;
  33   1          ES = 1;
  34   1        
  35   1          //UART configuration
  36   1          SM0 = 1;
  37   1          SM1 = 1;
  38   1          SM2 = 0;
  39   1          REN = 1;
  40   1          
  41   1          //Timer 3 setup
  42   1          T3CON = T3CON_115200_11;
  43   1          T3FD = T3FD_115200_11;
  44   1        
  45   1          while(1)
  46   1          {
  47   2          }
  48   1      }


MODULE INFORMATION:   STATIC OVERLAYABLE
   CODE SIZE        =     52    ----
   CONSTANT SIZE    =   ----    ----
   XDATA SIZE       =   ----    ----
C51 COMPILER V9.59.0.0   MAIN                                                              12/03/2018 07:52:13 PAGE 2   

   PDATA SIZE       =   ----    ----
   DATA SIZE        =   ----    ----
   IDATA SIZE       =   ----    ----
   BIT SIZE         =   ----    ----
END OF MODULE INFORMATION.


C51 COMPILATION COMPLETE.  0 WARNING(S),  0 ERROR(S)
