C51 COMPILER V9.59.0.0   MAIN                                                              12/02/2018 17:37:28 PAGE 1   


C51 COMPILER V9.59.0.0, COMPILATION OF MODULE MAIN
OBJECT MODULE PLACED IN .\Objects\main.obj
COMPILER INVOKED BY: D:\Keil_v5\C51\BIN\C51.EXE main.c OPTIMIZE(8,SPEED) BROWSE DEBUG OBJECTEXTEND PRINT(.\Listings\main
                    -.lst) TABS(2) OBJECT(.\Objects\main.obj)

line level    source

   1          /**
   2           * @author Krzysztof Stezala
   3           * @date 2018-12-02
   4           * @version 1.0
   5           * @brief Timer 1 task
   6           */
   7          #include "aduc831.h"
   8          #include "timers.h"
   9          
  10          /**
  11           * Global variables
  12           */
  13          int g_1 = 10;
  14          int g_2 = 25;
  15          char num_impulses = 20;
  16          char th1_initial_value;
  17          char tl1_initial_value;
  18          
  19           
  20          /**
  21           * Timer 1 interrupt function
  22           */
  23          void timer_1_function(void) interrupt 3
  24          {
  25   1        /**
  26   1         * Change of global variable to opposite.
  27   1         */
  28   1        g_2 = g_2 * (-1); 
  29   1        th1_initial_value = 0xFF;
  30   1        tl1_initial_value = 0xFF - num_impulses + 1;  
  31   1        TH1 = th1_initial_value;
  32   1        TL1 = tl1_initial_value;
  33   1        
  34   1        
  35   1        
  36   1      }
  37           
  38          /**
  39           * Main function
  40           */
  41          void main(void)
  42          {
  43   1          /**
  44   1           * Enabling all interrupts.
  45   1           */
  46   1          EA = 1;
  47   1          
  48   1          /**
  49   1           * Enabling interrupt at Timer 1.
  50   1           */
  51   1          ET1 = 1;
  52   1          
  53   1          /**
  54   1           * Setting interrupt's priority.
C51 COMPILER V9.59.0.0   MAIN                                                              12/02/2018 17:37:28 PAGE 2   

  55   1           */
  56   1           //PT1 = 1;
  57   1        
  58   1          /**
  59   1           * Setting the proper mode for TMOD register 
  60   1           */
  61   1          TMOD = T1_MODE_16B | T1_MODE_OPERATIONAL_TIMER;
  62   1          /**
  63   1           * Setting the upper (TH1) and lower (TL1) register 
  64   1           * values to make overflow after given number of impulses.
  65   1           */
  66   1          th1_initial_value = 0xFF;
  67   1          tl1_initial_value = 0xFF - num_impulses + 1;
  68   1          TH1 = th1_initial_value;
  69   1          TL1 = tl1_initial_value;
  70   1        
  71   1          
  72   1        
  73   1          /**
  74   1           * Setting the proper TCON register value.
  75   1           */
  76   1          TR1 = 1;
  77   1          
  78   1          
  79   1           
  80   1          /**
  81   1           * Main loop
  82   1           */
  83   1          while(1)
  84   1          {
  85   2            /**
  86   2             * If Timer 1 overflow occurs
  87   2             * the flag TF1 is changed to 1
  88   2             * which has to be manually cleared
  89   2             * by the user for making the recurrent
  90   2             * overflow possible.
  91   2             * TH1 and TL1 has to be reset to initial values.
  92   2             */
  93   2            if(TF1)
  94   2            {
  95   3              g_1 = g_1 * (-1);       
  96   3              TF1 = 0;
  97   3              
  98   3              th1_initial_value = 0xFF;
  99   3              tl1_initial_value = 0xFF - num_impulses + 1;
 100   3              TH1 = th1_initial_value;
 101   3              TL1 = tl1_initial_value;
 102   3              
 103   3            }
 104   2          }
 105   1      }
 106           


MODULE INFORMATION:   STATIC OVERLAYABLE
   CODE SIZE        =    127    ----
   CONSTANT SIZE    =   ----    ----
   XDATA SIZE       =   ----    ----
   PDATA SIZE       =   ----    ----
   DATA SIZE        =      7    ----
   IDATA SIZE       =   ----    ----
   BIT SIZE         =   ----    ----
C51 COMPILER V9.59.0.0   MAIN                                                              12/02/2018 17:37:28 PAGE 3   

END OF MODULE INFORMATION.


C51 COMPILATION COMPLETE.  0 WARNING(S),  0 ERROR(S)
