C51 COMPILER V9.59.0.0   MAIN                                                              12/02/2018 22:25:37 PAGE 1   


C51 COMPILER V9.59.0.0, COMPILATION OF MODULE MAIN
OBJECT MODULE PLACED IN .\Objects\main.obj
COMPILER INVOKED BY: D:\Keil_v5\C51\BIN\C51.EXE main.c OPTIMIZE(8,SPEED) BROWSE DEBUG OBJECTEXTEND PRINT(.\Listings\main
                    -.lst) TABS(2) OBJECT(.\Objects\main.obj)

line level    source

   1          #include "aduc831.h"
   2          #include "timers.h"
   3          
   4          void UART_function() interrupt 4
   5          {
   6   1        char received = 0;
   7   1        if(RI == 1){
   8   2          received = (char)SBUF;
   9   2          RI = 0;
  10   2          SBUF = received + 1;
  11   2        }
  12   1        if(TI==1){
  13   2          TI = 0;
  14   2        }
  15   1        return;
  16   1      }
  17          
  18          void main()
  19          {
  20   1        ES = 1; 
  21   1        EA = 1;
  22   1        
  23   1        //UART configuration
  24   1        SM0 = 1;
  25   1        SM1 = 1;
  26   1        SM2 = 0;
  27   1        REN = 1;
  28   1        
  29   1        //Timer1 setup
  30   1        TMOD = T1_MODE_8B_AUTORELOAD;
  31   1      
  32   1        //set to 9600 at 11.0592MHz
  33   1        TH1 = T1_9600_11;
  34   1        
  35   1        TR1 = 0x01;
  36   1        
  37   1        //Timer 2 setup
  38   1        RCLK = 1;
  39   1        TCLK = 0;
  40   1        
  41   1        //set to 2400 at 11.0592MHz
  42   1        RCAP2H = T2_2400_11_H;
  43   1        RCAP2L = T2_2400_11_L;
  44   1        
  45   1        TR2 = 1;
  46   1        
  47   1        while(1)
  48   1        {
  49   2        }
  50   1      }


MODULE INFORMATION:   STATIC OVERLAYABLE
   CODE SIZE        =     66    ----
C51 COMPILER V9.59.0.0   MAIN                                                              12/02/2018 22:25:37 PAGE 2   

   CONSTANT SIZE    =   ----    ----
   XDATA SIZE       =   ----    ----
   PDATA SIZE       =   ----    ----
   DATA SIZE        =   ----    ----
   IDATA SIZE       =   ----    ----
   BIT SIZE         =   ----    ----
END OF MODULE INFORMATION.


C51 COMPILATION COMPLETE.  0 WARNING(S),  0 ERROR(S)
