C51 COMPILER V9.59.0.0   MAIN                                                              12/02/2018 17:44:11 PAGE 1   


C51 COMPILER V9.59.0.0, COMPILATION OF MODULE MAIN
OBJECT MODULE PLACED IN .\Objects\main.obj
COMPILER INVOKED BY: D:\Keil_v5\C51\BIN\C51.EXE main.c OPTIMIZE(8,SPEED) BROWSE DEBUG OBJECTEXTEND PRINT(.\Listings\main
                    -.lst) TABS(2) OBJECT(.\Objects\main.obj)

line level    source

   1          /**
   2           * @author Krzysztof Stezala
   3           * @date 2018-12-02
   4           * @version 1.0
   5           * @brief Set diode with proper period task
   6           */
   7          #include "aduc831.h"
   8          #include "timers.h"
   9          #include "bitop.h"
  10          
  11          
  12          /**
  13           * Global variables
  14           */
  15          int time_ms = 20;
  16          char g = 20;
  17           
  18          /**
  19           * Timer 1 interrupt function
  20           */
  21          void timer_1_function(void) interrupt 3
  22          {
  23   1        /**
  24   1         * Light up the diode at port P3, pin 5.
  25   1         */
  26   1        DiodeTOGGLE(P3,5);    
  27   1        g = g * (-1);
  28   1        T1_set_time_ms(time_ms);
  29   1      }
  30           
  31          /**
  32           * Main function
  33           */
  34          void main(void)
  35          {
  36   1          /**
  37   1           * Enabling all interrupts.
  38   1           */
  39   1          EA = 1;
  40   1          
  41   1          /**
  42   1           * Enabling interrupt at Timer 1.
  43   1           */
  44   1          ET1 = 1;
  45   1          
  46   1          /**
  47   1           * Setting interrupt's priority.
  48   1           */
  49   1           //PT1 = 1;
  50   1        
  51   1          /**
  52   1           * Setting the proper mode for TMOD register 
  53   1           */
  54   1          TMOD = T1_MODE_16B | T1_MODE_OPERATIONAL_TIMER;
C51 COMPILER V9.59.0.0   MAIN                                                              12/02/2018 17:44:11 PAGE 2   

  55   1          /**
  56   1           * Setting the upper (TH1) and lower (TL1) register 
  57   1           * values to make overflow after given number of impulses.
  58   1           */
  59   1          T1_set_time_ms(time_ms);
  60   1        
  61   1          
  62   1        
  63   1          /**
  64   1           * Setting the proper TCON register value.
  65   1           */
  66   1          TR1 = 1;
  67   1          DiodeON(P3,5);
  68   1          
  69   1           
  70   1          /**
  71   1           * Main loop
  72   1           */
  73   1          while(1)
  74   1          {
  75   2            /**
  76   2             * If Timer 1 overflow occurs
  77   2             * the flag TF1 is changed to 1
  78   2             * which has to be manually cleared
  79   2             * by the user for making the recurrent
  80   2             * overflow possible.
  81   2             * TH1 and TL1 has to be reset to initial values.
  82   2             */
  83   2            if(TF1)
  84   2            {     
  85   3              
  86   3              TF1 = 0;
  87   3              T1_set_time_ms(time_ms);
  88   3              
  89   3            }
  90   2          }
  91   1      }
  92           


MODULE INFORMATION:   STATIC OVERLAYABLE
   CODE SIZE        =    274    ----
   CONSTANT SIZE    =   ----    ----
   XDATA SIZE       =   ----    ----
   PDATA SIZE       =   ----    ----
   DATA SIZE        =      3    ----
   IDATA SIZE       =   ----    ----
   BIT SIZE         =   ----    ----
END OF MODULE INFORMATION.


C51 COMPILATION COMPLETE.  0 WARNING(S),  0 ERROR(S)
