C51 COMPILER V9.59.0.0   MAIN                                                              01/13/2019 02:17:08 PAGE 1   


C51 COMPILER V9.59.0.0, COMPILATION OF MODULE MAIN
OBJECT MODULE PLACED IN .\Objects\main.obj
COMPILER INVOKED BY: D:\Keil_v5\C51\BIN\C51.EXE main.c OPTIMIZE(8,SPEED) BROWSE DEBUG OBJECTEXTEND PRINT(.\Listings\main
                    -.lst) TABS(2) OBJECT(.\Objects\main.obj)

line level    source

   1          /**
   2           * @author Krzysztof Stezala
   3           * @date 2019-01-12
   4           * @version 1.0
   5           * @brief UART communication with third-party app
   6           */
   7           
   8           
   9           /**
  10            * UART set into Mode 1 (8-bit, Variable Baud Rate)
  11            *
  12            *
  13            */
  14          #include "aduc831.h"
  15          #include "timers.h"
  16          #include "definitions.h"
  17          
  18          char buffer[25];
  19          
  20          
  21          char message_index;
  22          
  23          int frequency_1;
  24          char frequency_1_t[8];
  25          int duty_cycle_1;                                       // after processing
  26          char duty_cycle_1_t[2];                                 // before processing
  27          
  28          
  29          int frequency_2;
  30          char frequency_2_t[8];
  31          int duty_cycle_2;
  32          char duty_cycle_2_t[2];
  33          
  34          int operation_mode;
  35          
  36          bool new_data = FALSE;
  37          bool mode_data = FALSE;
  38          bool duty_cycle_data = FALSE;
  39          bool freq_data = FALSE;
  40          bool two_channel = FALSE;
  41          
  42          void receiveMessage() interrupt 4
  43          {
  44   1        /**
  45   1        * Receiving transmission
  46   1        */
  47   1        char received = 0;
  48   1        if(RI==1){
  49   2          received = (char)SBUF;
  50   2          RI = 0;
  51   2          SBUF = received;
  52   2          buffer[message_index] = received;
  53   2          message_index = message_index + 1;
  54   2        }
C51 COMPILER V9.59.0.0   MAIN                                                              01/13/2019 02:17:08 PAGE 2   

  55   1        if(TI==1){
  56   2          TI = 0;
  57   2        }
  58   1        if(received == 'E')
  59   1        {
  60   2          message_index = 0;
  61   2          return;
  62   2        }
  63   1        if(message_index > 25)
  64   1        {
  65   2          message_index = 0;
  66   2        }
  67   1        return;
  68   1      }
  69          
  70          
  71          
  72          void main()
  73          {
  74   1        ES = 1;
  75   1        EA = 1;
  76   1        
  77   1        SM0 = 0;
  78   1        SM1 = 1;
  79   1        SM2 = 0;
  80   1        REN = 1;
  81   1        
  82   1        TMOD = T1_MODE_8B_AUTORELOAD;
  83   1        
  84   1        TH1 = T1_9600_11;
  85   1        
  86   1        TR1 = 1;
  87   1        
  88   1        message_index = 0;
  89   1        
  90   1        while(1)
  91   1        {
  92   2        }
  93   1      }


MODULE INFORMATION:   STATIC OVERLAYABLE
   CODE SIZE        =    100    ----
   CONSTANT SIZE    =   ----    ----
   XDATA SIZE       =   ----    ----
   PDATA SIZE       =   ----    ----
   DATA SIZE        =     61    ----
   IDATA SIZE       =   ----    ----
   BIT SIZE         =   ----    ----
END OF MODULE INFORMATION.


C51 COMPILATION COMPLETE.  0 WARNING(S),  0 ERROR(S)
