C51 COMPILER V9.59.0.0   MAIN                                                              12/11/2018 18:23:45 PAGE 1   


C51 COMPILER V9.59.0.0, COMPILATION OF MODULE MAIN
OBJECT MODULE PLACED IN .\Objects\main.obj
COMPILER INVOKED BY: D:\Keil_v5\C51\BIN\C51.EXE main.c OPTIMIZE(8,SPEED) BROWSE DEBUG OBJECTEXTEND PRINT(.\Listings\main
                    -.lst) TABS(2) OBJECT(.\Objects\main.obj)

line level    source

   1          /**
   2           * @author Krzysztof Stezala
   3           * @date 2018-12-09
   4           * @version 1.0
   5           * @brief Saw-tooth
   6           */
   7           
   8           #include "aduc831.h"
   9           #include "timers.h"
  10           #include "bitop.h"
  11           #include "definitions.h"
  12           
  13            /*
  14            * Global variables
  15            */
  16          sig_params_t wave_params;       // to store parameters of the signal
  17          float32_t sample_voltage=0.0;   // sample voltage to be put on DAC
  18          sample_t sample = {0};          // final  value for DAC registers is stored here
  19          
  20          /**
  21           * voltage_calc() calculates the current state of the voltage of the signal
  22           */
  23          float32_t voltage_calc(float t, float period, float rise, float timeon, float wave_amplitude, float offset
             -)
  24          {
  25   1      //  int current_period = (int)(t/period);
  26   1      //  float32_t voltage;
  27   1      //  
  28   1      //  if((t-period*current_period)<rise)  //if we are in 'rise part' of a period
  29   1      //  {
  30   1      //    voltage = ((wave_amplitude/rise)*(t-(period*current_period)))+offset;
  31   1      //  }
  32   1      //  else if((t-period*current_period)>=(rise+timeon)) //if we are in 'fall part' of a period
  33   1      //  {
  34   1      //    voltage = wave_amplitude-(wave_amplitude/(period-(rise+timeon)))*(t-(period*current_period)-rise-timeo
             -n)+offset;
  35   1      //  }
  36   1      //  
  37   1      //  return voltage; 
  38   1        
  39   1        float32_t voltage;
  40   1        
  41   1        if(t<rise)  //if we are in 'rise part' of a period
  42   1        {
  43   2          voltage = ((wave_amplitude/rise)*t)+offset;
  44   2        }
  45   1        else if(t>=(rise+timeon)) //if we are in 'fall part' of a period
  46   1        {
  47   2          voltage = wave_amplitude-(wave_amplitude/(period-(rise+timeon)))*(t-rise-timeon)+offset;
  48   2        }
  49   1        
  50   1        return voltage;
  51   1      } 
  52          
C51 COMPILER V9.59.0.0   MAIN                                                              12/11/2018 18:23:45 PAGE 2   

  53          void timer_1_interrupt() interrupt 3
  54          {
  55   1        T1_set_time(GENERATOR_SAMPLING_TIME);
  56   1        // adding a frection to 
  57   1        wave_params.t+=wave_params.delta_t;
  58   1        if(wave_params.t>=wave_params.period)
  59   1        {
  60   2          wave_params.t=wave_params.delta_t;
  61   2        }
  62   1        //Determine sample
  63   1        sample_voltage=voltage_calc(wave_params.t,wave_params.period,wave_params.rise_edge,wave_params.time_on,wa
             -ve_params.amplitude,wave_params.offset);
  64   1        
  65   1        //Signal restrictions//sample_voltage=(sample_voltage>DA_Vref)? DA_Vref: sample_voltage; //The expression
             - a ? b : c returns b if a is true, otherwise it returns c.//sample_voltage=(sample_voltage<0)? 0 : sample_voltage;
  66   1        //Keep the signal in bounds
  67   1        if(sample_voltage>DA_Vref)
  68   1        {
  69   2          sample_voltage = DA_Vref;
  70   2        }
  71   1        else
  72   1        {
  73   2          sample_voltage = sample_voltage;
  74   2        } 
  75   1        if(sample_voltage<0)
  76   1        {
  77   2          sample_voltage = 0;
  78   2        }
  79   1        else
  80   1        {
  81   2          sample_voltage = sample_voltage;
  82   2        }
  83   1        // Register conversion
  84   1        // takes the relative value for integer in the union
  85   1        sample.value=(unsigned int)(sample_voltage/DA_Vref*(float)DA_MAX_VALUE); 
  86   1        // from the same union takes the respective bytes for DAC registers
  87   1        DAC0H = sample.word.high_byte;
  88   1        DAC0L = sample.word.low_byte;
  89   1      }
  90          
  91          void main(void)
  92          {
  93   1        // setting DACCON register for both DAC0 and DAC1
  94   1        DACCON = (DAC_MODE_12|DAC_RNG1_ON|DAC_RNG0_ON|DAC_CLR1_ON|DAC_CLR0_ON|DAC_SYNC_ON|DAC_POWER1_ON|DAC_POWER
             -0_ON);
  95   1        
  96   1        ET1=1;  //allow T1 interrupts
  97   1        EA=1;   //allow interrupts
  98   1        
  99   1        //timer config
 100   1        TMOD = (T1_MODE_GATE_ON|T1_MODE_OPERATIONAL_TIMER|T1_MODE_16B); //16b timer
 101   1        
 102   1        //saw-tooth parameters
 103   1        wave_params.period = 5.0;
 104   1        wave_params.amplitude = 5;          // wave_amplitude
 105   1        wave_params.rise_edge = 2.5;        // czas narastania
 106   1        wave_params.time_on = 0.0;          
 107   1        wave_params.offset = 0.0;
 108   1        wave_params.t = 0.0;
 109   1        wave_params.delta_t = (((float32_t)GENERATOR_SAMPLING_TIME)/1000.0); // getting the accuracy of sawtooh w
             -ave; how big is step in y axis
 110   1        
C51 COMPILER V9.59.0.0   MAIN                                                              12/11/2018 18:23:45 PAGE 3   

 111   1        //start timer 1 
 112   1        TR1 = 1;
 113   1        while(1)
 114   1        {
 115   2        }
 116   1      
 117   1      }


MODULE INFORMATION:   STATIC OVERLAYABLE
   CODE SIZE        =    666    ----
   CONSTANT SIZE    =   ----    ----
   XDATA SIZE       =   ----    ----
   PDATA SIZE       =   ----    ----
   DATA SIZE        =     34      28
   IDATA SIZE       =   ----    ----
   BIT SIZE         =   ----    ----
END OF MODULE INFORMATION.


C51 COMPILATION COMPLETE.  0 WARNING(S),  0 ERROR(S)
