C51 COMPILER V9.59.0.0   MAIN                                                              12/05/2018 22:53:45 PAGE 1   


C51 COMPILER V9.59.0.0, COMPILATION OF MODULE MAIN
OBJECT MODULE PLACED IN .\Objects\main.obj
COMPILER INVOKED BY: D:\Keil_v5\C51\BIN\C51.EXE main.c OPTIMIZE(8,SPEED) BROWSE DEBUG OBJECTEXTEND PRINT(.\Listings\main
                    -.lst) TABS(2) OBJECT(.\Objects\main.obj)

line level    source

   1          /**
   2           * @author Krzysztof Stezala
   3           * @date 2018-12-02
   4           * @version 1.0
   5           * @brief UART
   6           */
   7          #include "aduc831.h"
   8          #include "timers.h"
   9          
  10          void UART_function() interrupt 4
  11          {
  12   1        char received = 0;
  13   1        if(RI==1){
  14   2          received = (char)SBUF;
  15   2          RI = 0;
  16   2          SBUF = received + 1;
  17   2        }
  18   1        if(TI==1){
  19   2          TI = 0;
  20   2        }
  21   1        return;
  22   1      }
  23          
  24          void main()
  25          {
  26   1        ES = 1;
  27   1        EA = 1;
  28   1        
  29   1        
  30   1        SM0 = 0;
  31   1        SM1 = 1;
  32   1        SM2 = 0;
  33   1        REN = 1;
  34   1        
  35   1        TMOD = T1_MODE_8B_AUTORELOAD;
  36   1        
  37   1        TH1 = T1_19200_11;
  38   1        
  39   1        TR1 = 1;
  40   1        
  41   1        while(1)
  42   1        {
  43   2        }
  44   1      }


MODULE INFORMATION:   STATIC OVERLAYABLE
   CODE SIZE        =     54    ----
   CONSTANT SIZE    =   ----    ----
   XDATA SIZE       =   ----    ----
   PDATA SIZE       =   ----    ----
   DATA SIZE        =   ----    ----
   IDATA SIZE       =   ----    ----
   BIT SIZE         =   ----    ----
C51 COMPILER V9.59.0.0   MAIN                                                              12/05/2018 22:53:45 PAGE 2   

END OF MODULE INFORMATION.


C51 COMPILATION COMPLETE.  0 WARNING(S),  0 ERROR(S)
