C51 COMPILER V9.59.0.0   MAIN                                                              01/07/2019 11:23:46 PAGE 1   


C51 COMPILER V9.59.0.0, COMPILATION OF MODULE MAIN
OBJECT MODULE PLACED IN .\Objects\main.obj
COMPILER INVOKED BY: D:\Keil_v5\C51\BIN\C51.EXE main.c OPTIMIZE(8,SPEED) BROWSE DEBUG OBJECTEXTEND PRINT(.\Listings\main
                    -.lst) TABS(2) OBJECT(.\Objects\main.obj)

line level    source

   1          /**
   2           * @author Krzysztof Stezala
   3           * @date 2019-01-06
   4           * @version 1.0
   5           * @brief UART
   6           */
   7          #include "aduc831.h"
   8          #include "timers.h"
   9          
  10          
  11          void UART_function() interrupt 4
  12          {
  13   1        char received = 0;
  14   1        if(RI==1){
  15   2          received = (char)SBUF;
  16   2          RI = 0;
  17   2          SBUF = received;
  18   2        }
  19   1        if(TI==1){
  20   2          TI = 0;
  21   2        }
  22   1        return;
  23   1      }
  24          
  25          void main()
  26          {
  27   1        ES = 1;
  28   1        EA = 1;
  29   1        
  30   1        
  31   1        SM0 = 0;
  32   1        SM1 = 1;
  33   1        SM2 = 0;
  34   1        REN = 1;
  35   1        
  36   1        TMOD = T1_MODE_8B_AUTORELOAD;
  37   1        
  38   1        TH1 = T1_9600_11;
  39   1        
  40   1        TR1 = 1;
  41   1        
  42   1        while(1)
  43   1        {
  44   2        }
  45   1      }


MODULE INFORMATION:   STATIC OVERLAYABLE
   CODE SIZE        =     52    ----
   CONSTANT SIZE    =   ----    ----
   XDATA SIZE       =   ----    ----
   PDATA SIZE       =   ----    ----
   DATA SIZE        =   ----    ----
   IDATA SIZE       =   ----    ----
C51 COMPILER V9.59.0.0   MAIN                                                              01/07/2019 11:23:46 PAGE 2   

   BIT SIZE         =   ----    ----
END OF MODULE INFORMATION.


C51 COMPILATION COMPLETE.  0 WARNING(S),  0 ERROR(S)
